[2024-02-05T20:37:29.662+0000] {taskinstance.py:1171} INFO - Dependencies all met for <TaskInstance: sqlite_randomuser.processing_user manual__2024-02-05T20:37:23.440868+00:00 [queued]>
[2024-02-05T20:37:29.673+0000] {taskinstance.py:1171} INFO - Dependencies all met for <TaskInstance: sqlite_randomuser.processing_user manual__2024-02-05T20:37:23.440868+00:00 [queued]>
[2024-02-05T20:37:29.674+0000] {taskinstance.py:1368} INFO - 
--------------------------------------------------------------------------------
[2024-02-05T20:37:29.674+0000] {taskinstance.py:1369} INFO - Starting attempt 1 of 1
[2024-02-05T20:37:29.674+0000] {taskinstance.py:1370} INFO - 
--------------------------------------------------------------------------------
[2024-02-05T20:37:29.690+0000] {taskinstance.py:1389} INFO - Executing <Task(PythonOperator): processing_user> on 2024-02-05 20:37:23.440868+00:00
[2024-02-05T20:37:29.697+0000] {standard_task_runner.py:52} INFO - Started process 339773 to run task
[2024-02-05T20:37:29.699+0000] {standard_task_runner.py:79} INFO - Running: ['***', 'tasks', 'run', 'sqlite_randomuser', 'processing_user', 'manual__2024-02-05T20:37:23.440868+00:00', '--job-id', '67', '--raw', '--subdir', 'DAGS_FOLDER/sqlite_randomuser.py', '--cfg-path', '/tmp/tmp806cy_5g', '--error-file', '/tmp/tmp18brfgp2']
[2024-02-05T20:37:29.700+0000] {standard_task_runner.py:80} INFO - Job 67: Subtask processing_user
[2024-02-05T20:37:29.770+0000] {task_command.py:371} INFO - Running <TaskInstance: sqlite_randomuser.processing_user manual__2024-02-05T20:37:23.440868+00:00 [running]> on host fe2863c78e2f
[2024-02-05T20:37:29.856+0000] {taskinstance.py:1583} INFO - Exporting the following env vars:
AIRFLOW_CTX_DAG_OWNER=***
AIRFLOW_CTX_DAG_ID=sqlite_randomuser
AIRFLOW_CTX_TASK_ID=processing_user
AIRFLOW_CTX_EXECUTION_DATE=2024-02-05T20:37:23.440868+00:00
AIRFLOW_CTX_TRY_NUMBER=1
AIRFLOW_CTX_DAG_RUN_ID=manual__2024-02-05T20:37:23.440868+00:00
[2024-02-05T20:37:29.871+0000] {python.py:173} INFO - Done. Returned value was: {"results": [{"gender": "male", "name": {"title": "Mr", "first": "Naufal", "last": "Hiremath"}, "location": {"street": {"number": 6795, "name": "Mint St"}, "city": "Ghaziabad", "state": "Daman and Diu", "country": "India", "postcode": 38132, "coordinates": {"latitude": "9.7329", "longitude": "-37.3190"}, "timezone": {"offset": "+10:00", "description": "Eastern Australia, Guam, Vladivostok"}}, "email": "brijesh.hiremath@example.com", "login": {"uuid": "35fa8535-8e48-4f35-8aa4-2afceac6aedb", "username": "redelephant246", "password": "packard", "salt": "I6qH9ntc", "md5": "4b7e49bc31485f9c2813d44bd010509d", "sha1": "f691297a1fd8d66a5198c8f9a7d473f525280b9d", "sha256": "7172ba5af28259884d744c4da4939abab43cf88fe74a09b4407bb6eab29c7d31"}, "dob": {"date": "1982-10-01T20:11:02.565Z", "age": 41}, "registered": {"date": "2022-05-20T17:00:49.561Z", "age": 1}, "phone": "9673688755", "cell": "7078127581", "id": {"name": "UIDAI", "value": "390741522011"}, "picture": {"large": "https://randomuser.me/api/portraits/men/77.jpg", "medium": "https://randomuser.me/api/portraits/med/men/77.jpg", "thumbnail": "https://randomuser.me/api/portraits/thumb/men/77.jpg"}, "nat": "IN"}], "info": {"seed": "56da7111daaca769", "results": 1, "page": 1, "version": "1.4"}}
[2024-02-05T20:37:29.904+0000] {taskinstance.py:1412} INFO - Marking task as SUCCESS. dag_id=sqlite_randomuser, task_id=processing_user, execution_date=20240205T203723, start_date=20240205T203729, end_date=20240205T203729
[2024-02-05T20:37:30.113+0000] {local_task_job.py:156} INFO - Task exited with return code 0
[2024-02-05T20:37:30.154+0000] {local_task_job.py:279} INFO - 1 downstream tasks scheduled from follow-on schedule check
