[2024-02-06T05:22:49.659+0000] {taskinstance.py:1171} INFO - Dependencies all met for <TaskInstance: nyctaxi_elt.insert_data manual__2024-02-06T05:22:42.124267+00:00 [queued]>
[2024-02-06T05:22:49.668+0000] {taskinstance.py:1171} INFO - Dependencies all met for <TaskInstance: nyctaxi_elt.insert_data manual__2024-02-06T05:22:42.124267+00:00 [queued]>
[2024-02-06T05:22:49.669+0000] {taskinstance.py:1368} INFO - 
--------------------------------------------------------------------------------
[2024-02-06T05:22:49.669+0000] {taskinstance.py:1369} INFO - Starting attempt 1 of 1
[2024-02-06T05:22:49.669+0000] {taskinstance.py:1370} INFO - 
--------------------------------------------------------------------------------
[2024-02-06T05:22:49.684+0000] {taskinstance.py:1389} INFO - Executing <Task(PythonOperator): insert_data> on 2024-02-06 05:22:42.124267+00:00
[2024-02-06T05:22:49.693+0000] {standard_task_runner.py:52} INFO - Started process 21307 to run task
[2024-02-06T05:22:49.695+0000] {standard_task_runner.py:79} INFO - Running: ['***', 'tasks', 'run', 'nyctaxi_elt', 'insert_data', 'manual__2024-02-06T05:22:42.124267+00:00', '--job-id', '37', '--raw', '--subdir', 'DAGS_FOLDER/nyctaxi_elt.py', '--cfg-path', '/tmp/tmpioqnh35o', '--error-file', '/tmp/tmp0dkmsrd8']
[2024-02-06T05:22:49.696+0000] {standard_task_runner.py:80} INFO - Job 37: Subtask insert_data
[2024-02-06T05:22:49.765+0000] {task_command.py:371} INFO - Running <TaskInstance: nyctaxi_elt.insert_data manual__2024-02-06T05:22:42.124267+00:00 [running]> on host 9d3dd91d9998
[2024-02-06T05:22:49.855+0000] {taskinstance.py:1583} INFO - Exporting the following env vars:
AIRFLOW_CTX_DAG_OWNER=Aldy
AIRFLOW_CTX_DAG_ID=nyctaxi_elt
AIRFLOW_CTX_TASK_ID=insert_data
AIRFLOW_CTX_EXECUTION_DATE=2024-02-06T05:22:42.124267+00:00
AIRFLOW_CTX_TRY_NUMBER=1
AIRFLOW_CTX_DAG_RUN_ID=manual__2024-02-06T05:22:42.124267+00:00
[2024-02-06T05:22:50.277+0000] {python.py:173} INFO - Done. Returned value was: None
[2024-02-06T05:22:50.292+0000] {taskinstance.py:1412} INFO - Marking task as SUCCESS. dag_id=nyctaxi_elt, task_id=insert_data, execution_date=20240206T052242, start_date=20240206T052249, end_date=20240206T052250
[2024-02-06T05:22:50.324+0000] {local_task_job.py:156} INFO - Task exited with return code 0
[2024-02-06T05:22:50.362+0000] {local_task_job.py:279} INFO - 2 downstream tasks scheduled from follow-on schedule check
