[2024-02-05T08:26:19.072+0000] {taskinstance.py:1171} INFO - Dependencies all met for <TaskInstance: sqlite_randomuser.processing_user manual__2024-02-05T08:26:12.530105+00:00 [queued]>
[2024-02-05T08:26:19.087+0000] {taskinstance.py:1171} INFO - Dependencies all met for <TaskInstance: sqlite_randomuser.processing_user manual__2024-02-05T08:26:12.530105+00:00 [queued]>
[2024-02-05T08:26:19.088+0000] {taskinstance.py:1368} INFO - 
--------------------------------------------------------------------------------
[2024-02-05T08:26:19.089+0000] {taskinstance.py:1369} INFO - Starting attempt 1 of 1
[2024-02-05T08:26:19.089+0000] {taskinstance.py:1370} INFO - 
--------------------------------------------------------------------------------
[2024-02-05T08:26:19.109+0000] {taskinstance.py:1389} INFO - Executing <Task(PythonOperator): processing_user> on 2024-02-05 08:26:12.530105+00:00
[2024-02-05T08:26:19.116+0000] {standard_task_runner.py:52} INFO - Started process 162341 to run task
[2024-02-05T08:26:19.119+0000] {standard_task_runner.py:79} INFO - Running: ['***', 'tasks', 'run', 'sqlite_randomuser', 'processing_user', 'manual__2024-02-05T08:26:12.530105+00:00', '--job-id', '31', '--raw', '--subdir', 'DAGS_FOLDER/sqlite_randomuser.py', '--cfg-path', '/tmp/tmp360jeui4', '--error-file', '/tmp/tmpl1llr5ns']
[2024-02-05T08:26:19.121+0000] {standard_task_runner.py:80} INFO - Job 31: Subtask processing_user
[2024-02-05T08:26:19.196+0000] {task_command.py:371} INFO - Running <TaskInstance: sqlite_randomuser.processing_user manual__2024-02-05T08:26:12.530105+00:00 [running]> on host fe2863c78e2f
[2024-02-05T08:26:19.309+0000] {taskinstance.py:1583} INFO - Exporting the following env vars:
AIRFLOW_CTX_DAG_OWNER=***
AIRFLOW_CTX_DAG_ID=sqlite_randomuser
AIRFLOW_CTX_TASK_ID=processing_user
AIRFLOW_CTX_EXECUTION_DATE=2024-02-05T08:26:12.530105+00:00
AIRFLOW_CTX_TRY_NUMBER=1
AIRFLOW_CTX_DAG_RUN_ID=manual__2024-02-05T08:26:12.530105+00:00
[2024-02-05T08:26:19.311+0000] {logging_mixin.py:115} INFO - Processed user data: {'name': {'title': 'Mrs', 'first': 'Debbie', 'last': 'Herrera'}, 'email': 'debbie.herrera@example.com', 'phone': {'street': {'number': 5581, 'name': 'North Street'}, 'city': 'Inverness', 'state': 'Cambridgeshire', 'country': 'United Kingdom', 'postcode': 'EO4 7ZJ', 'coordinates': {'latitude': '-5.4378', 'longitude': '143.2895'}, 'timezone': {'offset': '+1:00', 'description': 'Brussels, Copenhagen, Madrid, Paris'}}}
[2024-02-05T08:26:19.311+0000] {python.py:173} INFO - Done. Returned value was: None
[2024-02-05T08:26:19.330+0000] {taskinstance.py:1412} INFO - Marking task as SUCCESS. dag_id=sqlite_randomuser, task_id=processing_user, execution_date=20240205T082612, start_date=20240205T082619, end_date=20240205T082619
[2024-02-05T08:26:19.375+0000] {local_task_job.py:156} INFO - Task exited with return code 0
[2024-02-05T08:26:19.412+0000] {local_task_job.py:279} INFO - 0 downstream tasks scheduled from follow-on schedule check
