[2024-02-06T02:28:15.136+0000] {taskinstance.py:1171} INFO - Dependencies all met for <TaskInstance: sqlite_randomuser.is_api_available scheduled__2024-02-05T00:00:00+00:00 [queued]>
[2024-02-06T02:28:15.164+0000] {taskinstance.py:1171} INFO - Dependencies all met for <TaskInstance: sqlite_randomuser.is_api_available scheduled__2024-02-05T00:00:00+00:00 [queued]>
[2024-02-06T02:28:15.165+0000] {taskinstance.py:1368} INFO - 
--------------------------------------------------------------------------------
[2024-02-06T02:28:15.165+0000] {taskinstance.py:1369} INFO - Starting attempt 1 of 1
[2024-02-06T02:28:15.165+0000] {taskinstance.py:1370} INFO - 
--------------------------------------------------------------------------------
[2024-02-06T02:28:15.194+0000] {taskinstance.py:1389} INFO - Executing <Task(HttpSensor): is_api_available> on 2024-02-05 00:00:00+00:00
[2024-02-06T02:28:15.201+0000] {standard_task_runner.py:52} INFO - Started process 212 to run task
[2024-02-06T02:28:15.205+0000] {standard_task_runner.py:79} INFO - Running: ['***', 'tasks', 'run', 'sqlite_randomuser', 'is_api_available', 'scheduled__2024-02-05T00:00:00+00:00', '--job-id', '77', '--raw', '--subdir', 'DAGS_FOLDER/sqlite_randomuser.py', '--cfg-path', '/tmp/tmp34skwfsj', '--error-file', '/tmp/tmp1h4s8h00']
[2024-02-06T02:28:15.207+0000] {standard_task_runner.py:80} INFO - Job 77: Subtask is_api_available
[2024-02-06T02:28:15.310+0000] {task_command.py:371} INFO - Running <TaskInstance: sqlite_randomuser.is_api_available scheduled__2024-02-05T00:00:00+00:00 [running]> on host 0f884a2e3c33
[2024-02-06T02:28:15.426+0000] {taskinstance.py:1583} INFO - Exporting the following env vars:
AIRFLOW_CTX_DAG_OWNER=***
AIRFLOW_CTX_DAG_ID=sqlite_randomuser
AIRFLOW_CTX_TASK_ID=is_api_available
AIRFLOW_CTX_EXECUTION_DATE=2024-02-05T00:00:00+00:00
AIRFLOW_CTX_TRY_NUMBER=1
AIRFLOW_CTX_DAG_RUN_ID=scheduled__2024-02-05T00:00:00+00:00
[2024-02-06T02:28:15.428+0000] {http.py:120} INFO - Poking: api/
[2024-02-06T02:28:15.442+0000] {base.py:68} INFO - Using connection ID 'randomuser_api' for task execution.
[2024-02-06T02:28:15.446+0000] {http.py:148} INFO - Sending 'GET' to url: http://randomuser.me/api/
[2024-02-06T02:28:16.044+0000] {base.py:301} INFO - Success criteria met. Exiting.
[2024-02-06T02:28:16.067+0000] {taskinstance.py:1412} INFO - Marking task as SUCCESS. dag_id=sqlite_randomuser, task_id=is_api_available, execution_date=20240205T000000, start_date=20240206T022815, end_date=20240206T022816
[2024-02-06T02:28:16.462+0000] {local_task_job.py:156} INFO - Task exited with return code 0
[2024-02-06T02:28:16.739+0000] {local_task_job.py:279} INFO - 1 downstream tasks scheduled from follow-on schedule check
