[2024-02-05T09:15:13.494+0000] {taskinstance.py:1171} INFO - Dependencies all met for <TaskInstance: sqlite_randomuser.extracting_user manual__2024-02-05T09:15:09.187464+00:00 [queued]>
[2024-02-05T09:15:13.508+0000] {taskinstance.py:1171} INFO - Dependencies all met for <TaskInstance: sqlite_randomuser.extracting_user manual__2024-02-05T09:15:09.187464+00:00 [queued]>
[2024-02-05T09:15:13.509+0000] {taskinstance.py:1368} INFO - 
--------------------------------------------------------------------------------
[2024-02-05T09:15:13.509+0000] {taskinstance.py:1369} INFO - Starting attempt 1 of 1
[2024-02-05T09:15:13.510+0000] {taskinstance.py:1370} INFO - 
--------------------------------------------------------------------------------
[2024-02-05T09:15:13.525+0000] {taskinstance.py:1389} INFO - Executing <Task(SimpleHttpOperator): extracting_user> on 2024-02-05 09:15:09.187464+00:00
[2024-02-05T09:15:13.532+0000] {standard_task_runner.py:52} INFO - Started process 313179 to run task
[2024-02-05T09:15:13.535+0000] {standard_task_runner.py:79} INFO - Running: ['***', 'tasks', 'run', 'sqlite_randomuser', 'extracting_user', 'manual__2024-02-05T09:15:09.187464+00:00', '--job-id', '39', '--raw', '--subdir', 'DAGS_FOLDER/sqlite_randomuser.py', '--cfg-path', '/tmp/tmpidptuecw', '--error-file', '/tmp/tmp8tofvrwo']
[2024-02-05T09:15:13.537+0000] {standard_task_runner.py:80} INFO - Job 39: Subtask extracting_user
[2024-02-05T09:15:13.613+0000] {task_command.py:371} INFO - Running <TaskInstance: sqlite_randomuser.extracting_user manual__2024-02-05T09:15:09.187464+00:00 [running]> on host fe2863c78e2f
[2024-02-05T09:15:13.693+0000] {taskinstance.py:1583} INFO - Exporting the following env vars:
AIRFLOW_CTX_DAG_OWNER=***
AIRFLOW_CTX_DAG_ID=sqlite_randomuser
AIRFLOW_CTX_TASK_ID=extracting_user
AIRFLOW_CTX_EXECUTION_DATE=2024-02-05T09:15:09.187464+00:00
AIRFLOW_CTX_TRY_NUMBER=1
AIRFLOW_CTX_DAG_RUN_ID=manual__2024-02-05T09:15:09.187464+00:00
[2024-02-05T09:15:13.694+0000] {http.py:121} INFO - Calling HTTP method
[2024-02-05T09:15:13.708+0000] {base.py:68} INFO - Using connection ID 'randomuser_api' for task execution.
[2024-02-05T09:15:13.709+0000] {http.py:148} INFO - Sending 'GET' to url: http://randomuser.me/api/
[2024-02-05T09:15:14.734+0000] {http.py:125} INFO - {"results":[{"gender":"female","name":{"title":"Ms","first":"Ea","last":"Wibe"},"location":{"street":{"number":5571,"name":"Ulsrudfaret"},"city":"Fosnavåg","state":"Sør-Trøndelag","country":"Norway","postcode":"2170","coordinates":{"latitude":"40.8589","longitude":"154.2366"},"timezone":{"offset":"+5:45","description":"Kathmandu"}},"email":"ea.wibe@example.com","login":{"uuid":"3fdb8e3c-8927-4b61-9cce-9f344f10af10","username":"whitemeercat952","password":"rochelle","salt":"JlCTye2X","md5":"ec9623f837ceeaacbf53764c612da576","sha1":"5bffc979ccca553e0b34d73820bc751e24657b4d","sha256":"8a9465ff4952c9f6f6eda991bba26f854b0d9af9d115befded36a046cbba0331"},"dob":{"date":"1956-04-04T09:46:41.872Z","age":67},"registered":{"date":"2007-06-08T10:23:35.170Z","age":16},"phone":"80069001","cell":"47470052","id":{"name":"FN","value":"04045643242"},"picture":{"large":"https://randomuser.me/api/portraits/women/25.jpg","medium":"https://randomuser.me/api/portraits/med/women/25.jpg","thumbnail":"https://randomuser.me/api/portraits/thumb/women/25.jpg"},"nat":"NO"}],"info":{"seed":"6f0a2b62c6d9b86a","results":1,"page":1,"version":"1.4"}}
[2024-02-05T09:15:14.768+0000] {taskinstance.py:1412} INFO - Marking task as SUCCESS. dag_id=sqlite_randomuser, task_id=extracting_user, execution_date=20240205T091509, start_date=20240205T091513, end_date=20240205T091514
[2024-02-05T09:15:14.795+0000] {local_task_job.py:156} INFO - Task exited with return code 0
[2024-02-05T09:15:14.833+0000] {local_task_job.py:279} INFO - 1 downstream tasks scheduled from follow-on schedule check
