[2024-02-05T20:34:17.159+0000] {taskinstance.py:1171} INFO - Dependencies all met for <TaskInstance: sqlite_randomuser.processing_user manual__2024-02-05T20:34:11.345766+00:00 [queued]>
[2024-02-05T20:34:17.169+0000] {taskinstance.py:1171} INFO - Dependencies all met for <TaskInstance: sqlite_randomuser.processing_user manual__2024-02-05T20:34:11.345766+00:00 [queued]>
[2024-02-05T20:34:17.170+0000] {taskinstance.py:1368} INFO - 
--------------------------------------------------------------------------------
[2024-02-05T20:34:17.170+0000] {taskinstance.py:1369} INFO - Starting attempt 1 of 1
[2024-02-05T20:34:17.171+0000] {taskinstance.py:1370} INFO - 
--------------------------------------------------------------------------------
[2024-02-05T20:34:17.185+0000] {taskinstance.py:1389} INFO - Executing <Task(PythonOperator): processing_user> on 2024-02-05 20:34:11.345766+00:00
[2024-02-05T20:34:17.192+0000] {standard_task_runner.py:52} INFO - Started process 339693 to run task
[2024-02-05T20:34:17.195+0000] {standard_task_runner.py:79} INFO - Running: ['***', 'tasks', 'run', 'sqlite_randomuser', 'processing_user', 'manual__2024-02-05T20:34:11.345766+00:00', '--job-id', '62', '--raw', '--subdir', 'DAGS_FOLDER/sqlite_randomuser.py', '--cfg-path', '/tmp/tmpk6j1o364', '--error-file', '/tmp/tmpcizesxj_']
[2024-02-05T20:34:17.196+0000] {standard_task_runner.py:80} INFO - Job 62: Subtask processing_user
[2024-02-05T20:34:17.255+0000] {task_command.py:371} INFO - Running <TaskInstance: sqlite_randomuser.processing_user manual__2024-02-05T20:34:11.345766+00:00 [running]> on host fe2863c78e2f
[2024-02-05T20:34:17.332+0000] {taskinstance.py:1583} INFO - Exporting the following env vars:
AIRFLOW_CTX_DAG_OWNER=***
AIRFLOW_CTX_DAG_ID=sqlite_randomuser
AIRFLOW_CTX_TASK_ID=processing_user
AIRFLOW_CTX_EXECUTION_DATE=2024-02-05T20:34:11.345766+00:00
AIRFLOW_CTX_TRY_NUMBER=1
AIRFLOW_CTX_DAG_RUN_ID=manual__2024-02-05T20:34:11.345766+00:00
[2024-02-05T20:34:17.344+0000] {python.py:173} INFO - Done. Returned value was: {"results": [{"gender": "female", "name": {"title": "Mrs", "first": "Raden", "last": "Hunter"}, "location": {"street": {"number": 5843, "name": "Ash Dr"}, "city": "Bueblo", "state": "West Virginia", "country": "United States", "postcode": 63375, "coordinates": {"latitude": "86.4778", "longitude": "149.3978"}, "timezone": {"offset": "+2:00", "description": "Kaliningrad, South Africa"}}, "email": "marlene.hunter@example.com", "login": {"uuid": "a778901f-94e3-40bc-9085-468beda5ca84", "username": "greenelephant437", "password": "loveit", "salt": "r6ocRVgd", "md5": "9f1faf324fdcb86c087a491f6f182d05", "sha1": "67e0b6119f591f5531824828a691378928a4f966", "sha256": "d629869805e8b637afa0cb5427b9244fd9f539ef6cb368441cd766c55eeaba44"}, "dob": {"date": "1976-04-07T13:24:17.569Z", "age": 47}, "registered": {"date": "2016-08-18T13:27:27.793Z", "age": 7}, "phone": "(863) 865-2321", "cell": "(527) 669-1793", "id": {"name": "SSN", "value": "335-20-0887"}, "picture": {"large": "https://randomuser.me/api/portraits/women/84.jpg", "medium": "https://randomuser.me/api/portraits/med/women/84.jpg", "thumbnail": "https://randomuser.me/api/portraits/thumb/women/84.jpg"}, "nat": "US"}], "info": {"seed": "bf08696ee830346b", "results": 1, "page": 1, "version": "1.4"}}
[2024-02-05T20:34:17.373+0000] {taskinstance.py:1412} INFO - Marking task as SUCCESS. dag_id=sqlite_randomuser, task_id=processing_user, execution_date=20240205T203411, start_date=20240205T203417, end_date=20240205T203417
[2024-02-05T20:34:17.527+0000] {local_task_job.py:156} INFO - Task exited with return code 0
[2024-02-05T20:34:17.565+0000] {local_task_job.py:279} INFO - 1 downstream tasks scheduled from follow-on schedule check
