[2024-02-06T05:23:50.181+0000] {taskinstance.py:1171} INFO - Dependencies all met for <TaskInstance: nyctaxi_elt.insert_data manual__2024-02-06T05:23:44.741404+00:00 [queued]>
[2024-02-06T05:23:50.193+0000] {taskinstance.py:1171} INFO - Dependencies all met for <TaskInstance: nyctaxi_elt.insert_data manual__2024-02-06T05:23:44.741404+00:00 [queued]>
[2024-02-06T05:23:50.194+0000] {taskinstance.py:1368} INFO - 
--------------------------------------------------------------------------------
[2024-02-06T05:23:50.194+0000] {taskinstance.py:1369} INFO - Starting attempt 1 of 1
[2024-02-06T05:23:50.195+0000] {taskinstance.py:1370} INFO - 
--------------------------------------------------------------------------------
[2024-02-06T05:23:50.209+0000] {taskinstance.py:1389} INFO - Executing <Task(PythonOperator): insert_data> on 2024-02-06 05:23:44.741404+00:00
[2024-02-06T05:23:50.218+0000] {standard_task_runner.py:52} INFO - Started process 22043 to run task
[2024-02-06T05:23:50.221+0000] {standard_task_runner.py:79} INFO - Running: ['***', 'tasks', 'run', 'nyctaxi_elt', 'insert_data', 'manual__2024-02-06T05:23:44.741404+00:00', '--job-id', '42', '--raw', '--subdir', 'DAGS_FOLDER/nyctaxi_elt.py', '--cfg-path', '/tmp/tmpkp3xpxpe', '--error-file', '/tmp/tmplo45i4mi']
[2024-02-06T05:23:50.222+0000] {standard_task_runner.py:80} INFO - Job 42: Subtask insert_data
[2024-02-06T05:23:50.285+0000] {task_command.py:371} INFO - Running <TaskInstance: nyctaxi_elt.insert_data manual__2024-02-06T05:23:44.741404+00:00 [running]> on host 9d3dd91d9998
[2024-02-06T05:23:50.364+0000] {taskinstance.py:1583} INFO - Exporting the following env vars:
AIRFLOW_CTX_DAG_OWNER=Aldy
AIRFLOW_CTX_DAG_ID=nyctaxi_elt
AIRFLOW_CTX_TASK_ID=insert_data
AIRFLOW_CTX_EXECUTION_DATE=2024-02-06T05:23:44.741404+00:00
AIRFLOW_CTX_TRY_NUMBER=1
AIRFLOW_CTX_DAG_RUN_ID=manual__2024-02-06T05:23:44.741404+00:00
[2024-02-06T05:23:50.782+0000] {python.py:173} INFO - Done. Returned value was: None
[2024-02-06T05:23:50.797+0000] {taskinstance.py:1412} INFO - Marking task as SUCCESS. dag_id=nyctaxi_elt, task_id=insert_data, execution_date=20240206T052344, start_date=20240206T052350, end_date=20240206T052350
[2024-02-06T05:23:50.843+0000] {local_task_job.py:156} INFO - Task exited with return code 0
[2024-02-06T05:23:50.891+0000] {local_task_job.py:279} INFO - 2 downstream tasks scheduled from follow-on schedule check
