[2024-02-06T02:28:18.342+0000] {taskinstance.py:1171} INFO - Dependencies all met for <TaskInstance: sqlite_randomuser.extracting_user scheduled__2024-02-05T00:00:00+00:00 [queued]>
[2024-02-06T02:28:18.354+0000] {taskinstance.py:1171} INFO - Dependencies all met for <TaskInstance: sqlite_randomuser.extracting_user scheduled__2024-02-05T00:00:00+00:00 [queued]>
[2024-02-06T02:28:18.354+0000] {taskinstance.py:1368} INFO - 
--------------------------------------------------------------------------------
[2024-02-06T02:28:18.355+0000] {taskinstance.py:1369} INFO - Starting attempt 1 of 1
[2024-02-06T02:28:18.355+0000] {taskinstance.py:1370} INFO - 
--------------------------------------------------------------------------------
[2024-02-06T02:28:18.549+0000] {taskinstance.py:1389} INFO - Executing <Task(SimpleHttpOperator): extracting_user> on 2024-02-05 00:00:00+00:00
[2024-02-06T02:28:18.554+0000] {standard_task_runner.py:52} INFO - Started process 215 to run task
[2024-02-06T02:28:18.556+0000] {standard_task_runner.py:79} INFO - Running: ['***', 'tasks', 'run', 'sqlite_randomuser', 'extracting_user', 'scheduled__2024-02-05T00:00:00+00:00', '--job-id', '79', '--raw', '--subdir', 'DAGS_FOLDER/sqlite_randomuser.py', '--cfg-path', '/tmp/tmp0pcb70c8', '--error-file', '/tmp/tmpof21vyem']
[2024-02-06T02:28:18.557+0000] {standard_task_runner.py:80} INFO - Job 79: Subtask extracting_user
[2024-02-06T02:28:18.607+0000] {task_command.py:371} INFO - Running <TaskInstance: sqlite_randomuser.extracting_user scheduled__2024-02-05T00:00:00+00:00 [running]> on host 0f884a2e3c33
[2024-02-06T02:28:18.839+0000] {taskinstance.py:1583} INFO - Exporting the following env vars:
AIRFLOW_CTX_DAG_OWNER=***
AIRFLOW_CTX_DAG_ID=sqlite_randomuser
AIRFLOW_CTX_TASK_ID=extracting_user
AIRFLOW_CTX_EXECUTION_DATE=2024-02-05T00:00:00+00:00
AIRFLOW_CTX_TRY_NUMBER=1
AIRFLOW_CTX_DAG_RUN_ID=scheduled__2024-02-05T00:00:00+00:00
[2024-02-06T02:28:18.840+0000] {http.py:121} INFO - Calling HTTP method
[2024-02-06T02:28:18.849+0000] {base.py:68} INFO - Using connection ID 'randomuser_api' for task execution.
[2024-02-06T02:28:18.850+0000] {http.py:148} INFO - Sending 'GET' to url: http://randomuser.me/api/
[2024-02-06T02:28:19.780+0000] {taskinstance.py:1412} INFO - Marking task as SUCCESS. dag_id=sqlite_randomuser, task_id=extracting_user, execution_date=20240205T000000, start_date=20240206T022818, end_date=20240206T022819
[2024-02-06T02:28:19.812+0000] {local_task_job.py:156} INFO - Task exited with return code 0
[2024-02-06T02:28:19.855+0000] {local_task_job.py:279} INFO - 0 downstream tasks scheduled from follow-on schedule check
