[2024-02-05T09:00:37.589+0000] {taskinstance.py:1171} INFO - Dependencies all met for <TaskInstance: sqlite_randomuser.processing_user manual__2024-02-05T09:00:31.263732+00:00 [queued]>
[2024-02-05T09:00:37.600+0000] {taskinstance.py:1171} INFO - Dependencies all met for <TaskInstance: sqlite_randomuser.processing_user manual__2024-02-05T09:00:31.263732+00:00 [queued]>
[2024-02-05T09:00:37.601+0000] {taskinstance.py:1368} INFO - 
--------------------------------------------------------------------------------
[2024-02-05T09:00:37.602+0000] {taskinstance.py:1369} INFO - Starting attempt 1 of 1
[2024-02-05T09:00:37.602+0000] {taskinstance.py:1370} INFO - 
--------------------------------------------------------------------------------
[2024-02-05T09:00:37.618+0000] {taskinstance.py:1389} INFO - Executing <Task(PythonOperator): processing_user> on 2024-02-05 09:00:31.263732+00:00
[2024-02-05T09:00:37.626+0000] {standard_task_runner.py:52} INFO - Started process 284533 to run task
[2024-02-05T09:00:37.629+0000] {standard_task_runner.py:79} INFO - Running: ['***', 'tasks', 'run', 'sqlite_randomuser', 'processing_user', 'manual__2024-02-05T09:00:31.263732+00:00', '--job-id', '35', '--raw', '--subdir', 'DAGS_FOLDER/sqlite_randomuser.py', '--cfg-path', '/tmp/tmp0wa8b983', '--error-file', '/tmp/tmpefnunjxl']
[2024-02-05T09:00:37.630+0000] {standard_task_runner.py:80} INFO - Job 35: Subtask processing_user
[2024-02-05T09:00:37.693+0000] {task_command.py:371} INFO - Running <TaskInstance: sqlite_randomuser.processing_user manual__2024-02-05T09:00:31.263732+00:00 [running]> on host fe2863c78e2f
[2024-02-05T09:00:37.778+0000] {taskinstance.py:1583} INFO - Exporting the following env vars:
AIRFLOW_CTX_DAG_OWNER=***
AIRFLOW_CTX_DAG_ID=sqlite_randomuser
AIRFLOW_CTX_TASK_ID=processing_user
AIRFLOW_CTX_EXECUTION_DATE=2024-02-05T09:00:31.263732+00:00
AIRFLOW_CTX_TRY_NUMBER=1
AIRFLOW_CTX_DAG_RUN_ID=manual__2024-02-05T09:00:31.263732+00:00
[2024-02-05T09:00:37.779+0000] {logging_mixin.py:115} INFO - Processed user data: {'name': {'title': 'Mrs', 'first': 'Ellie', 'last': 'Omahony'}, 'email': 'ellie.omahony@example.com', 'phone': {'street': {'number': 8322, 'name': 'The Avenue'}, 'city': 'Dublin', 'state': 'Offaly', 'country': 'Ireland', 'postcode': 83448, 'coordinates': {'latitude': '0.3706', 'longitude': '16.1967'}, 'timezone': {'offset': '-12:00', 'description': 'Eniwetok, Kwajalein'}}}
[2024-02-05T09:00:37.779+0000] {python.py:173} INFO - Done. Returned value was: None
[2024-02-05T09:00:37.795+0000] {taskinstance.py:1412} INFO - Marking task as SUCCESS. dag_id=sqlite_randomuser, task_id=processing_user, execution_date=20240205T090031, start_date=20240205T090037, end_date=20240205T090037
[2024-02-05T09:00:37.851+0000] {local_task_job.py:156} INFO - Task exited with return code 0
[2024-02-05T09:00:37.885+0000] {local_task_job.py:279} INFO - 0 downstream tasks scheduled from follow-on schedule check
