[2024-02-06T04:15:09.155+0000] {taskinstance.py:1171} INFO - Dependencies all met for <TaskInstance: nyctaxi_elt.insert_data manual__2024-02-06T04:15:03.906468+00:00 [queued]>
[2024-02-06T04:15:09.165+0000] {taskinstance.py:1171} INFO - Dependencies all met for <TaskInstance: nyctaxi_elt.insert_data manual__2024-02-06T04:15:03.906468+00:00 [queued]>
[2024-02-06T04:15:09.165+0000] {taskinstance.py:1368} INFO - 
--------------------------------------------------------------------------------
[2024-02-06T04:15:09.165+0000] {taskinstance.py:1369} INFO - Starting attempt 1 of 1
[2024-02-06T04:15:09.166+0000] {taskinstance.py:1370} INFO - 
--------------------------------------------------------------------------------
[2024-02-06T04:15:09.179+0000] {taskinstance.py:1389} INFO - Executing <Task(PythonOperator): insert_data> on 2024-02-06 04:15:03.906468+00:00
[2024-02-06T04:15:09.187+0000] {standard_task_runner.py:52} INFO - Started process 2667 to run task
[2024-02-06T04:15:09.189+0000] {standard_task_runner.py:79} INFO - Running: ['***', 'tasks', 'run', 'nyctaxi_elt', 'insert_data', 'manual__2024-02-06T04:15:03.906468+00:00', '--job-id', '34', '--raw', '--subdir', 'DAGS_FOLDER/nyctaxi_elt.py', '--cfg-path', '/tmp/tmp7uk0xogq', '--error-file', '/tmp/tmp0oe1uegh']
[2024-02-06T04:15:09.190+0000] {standard_task_runner.py:80} INFO - Job 34: Subtask insert_data
[2024-02-06T04:15:09.244+0000] {task_command.py:371} INFO - Running <TaskInstance: nyctaxi_elt.insert_data manual__2024-02-06T04:15:03.906468+00:00 [running]> on host 9d3dd91d9998
[2024-02-06T04:15:09.310+0000] {taskinstance.py:1583} INFO - Exporting the following env vars:
AIRFLOW_CTX_DAG_OWNER=***
AIRFLOW_CTX_DAG_ID=nyctaxi_elt
AIRFLOW_CTX_TASK_ID=insert_data
AIRFLOW_CTX_EXECUTION_DATE=2024-02-06T04:15:03.906468+00:00
AIRFLOW_CTX_TRY_NUMBER=1
AIRFLOW_CTX_DAG_RUN_ID=manual__2024-02-06T04:15:03.906468+00:00
[2024-02-06T04:15:09.703+0000] {python.py:173} INFO - Done. Returned value was: None
[2024-02-06T04:15:09.715+0000] {taskinstance.py:1412} INFO - Marking task as SUCCESS. dag_id=nyctaxi_elt, task_id=insert_data, execution_date=20240206T041503, start_date=20240206T041509, end_date=20240206T041509
[2024-02-06T04:15:09.763+0000] {local_task_job.py:156} INFO - Task exited with return code 0
[2024-02-06T04:15:09.794+0000] {local_task_job.py:279} INFO - 0 downstream tasks scheduled from follow-on schedule check
