[2024-02-06T04:01:28.406+0000] {taskinstance.py:1171} INFO - Dependencies all met for <TaskInstance: nyctaxi_elt.insert_data manual__2024-02-06T04:01:27.115999+00:00 [queued]>
[2024-02-06T04:01:28.417+0000] {taskinstance.py:1171} INFO - Dependencies all met for <TaskInstance: nyctaxi_elt.insert_data manual__2024-02-06T04:01:27.115999+00:00 [queued]>
[2024-02-06T04:01:28.418+0000] {taskinstance.py:1368} INFO - 
--------------------------------------------------------------------------------
[2024-02-06T04:01:28.419+0000] {taskinstance.py:1369} INFO - Starting attempt 1 of 1
[2024-02-06T04:01:28.419+0000] {taskinstance.py:1370} INFO - 
--------------------------------------------------------------------------------
[2024-02-06T04:01:28.432+0000] {taskinstance.py:1389} INFO - Executing <Task(PythonOperator): insert_data> on 2024-02-06 04:01:27.115999+00:00
[2024-02-06T04:01:28.439+0000] {standard_task_runner.py:52} INFO - Started process 2239 to run task
[2024-02-06T04:01:28.442+0000] {standard_task_runner.py:79} INFO - Running: ['***', 'tasks', 'run', 'nyctaxi_elt', 'insert_data', 'manual__2024-02-06T04:01:27.115999+00:00', '--job-id', '20', '--raw', '--subdir', 'DAGS_FOLDER/nyctaxi_elt.py', '--cfg-path', '/tmp/tmpj09omuyu', '--error-file', '/tmp/tmpaleyfr8z']
[2024-02-06T04:01:28.443+0000] {standard_task_runner.py:80} INFO - Job 20: Subtask insert_data
[2024-02-06T04:01:28.499+0000] {task_command.py:371} INFO - Running <TaskInstance: nyctaxi_elt.insert_data manual__2024-02-06T04:01:27.115999+00:00 [running]> on host 9d3dd91d9998
[2024-02-06T04:01:28.580+0000] {taskinstance.py:1583} INFO - Exporting the following env vars:
AIRFLOW_CTX_DAG_OWNER=***
AIRFLOW_CTX_DAG_ID=nyctaxi_elt
AIRFLOW_CTX_TASK_ID=insert_data
AIRFLOW_CTX_EXECUTION_DATE=2024-02-06T04:01:27.115999+00:00
AIRFLOW_CTX_TRY_NUMBER=1
AIRFLOW_CTX_DAG_RUN_ID=manual__2024-02-06T04:01:27.115999+00:00
[2024-02-06T04:01:28.598+0000] {nyctaxi_elt.py:61} INFO - None
[2024-02-06T04:01:28.598+0000] {python.py:173} INFO - Done. Returned value was: None
[2024-02-06T04:01:28.609+0000] {taskinstance.py:1412} INFO - Marking task as SUCCESS. dag_id=nyctaxi_elt, task_id=insert_data, execution_date=20240206T040127, start_date=20240206T040128, end_date=20240206T040128
[2024-02-06T04:01:28.655+0000] {local_task_job.py:156} INFO - Task exited with return code 0
[2024-02-06T04:01:28.682+0000] {local_task_job.py:279} INFO - 0 downstream tasks scheduled from follow-on schedule check
