[2024-02-05T09:21:48.831+0000] {taskinstance.py:1171} INFO - Dependencies all met for <TaskInstance: sqlite_randomuser.extracting_user manual__2024-02-05T09:21:42.132520+00:00 [queued]>
[2024-02-05T09:21:48.849+0000] {taskinstance.py:1171} INFO - Dependencies all met for <TaskInstance: sqlite_randomuser.extracting_user manual__2024-02-05T09:21:42.132520+00:00 [queued]>
[2024-02-05T09:21:48.850+0000] {taskinstance.py:1368} INFO - 
--------------------------------------------------------------------------------
[2024-02-05T09:21:48.851+0000] {taskinstance.py:1369} INFO - Starting attempt 1 of 1
[2024-02-05T09:21:48.851+0000] {taskinstance.py:1370} INFO - 
--------------------------------------------------------------------------------
[2024-02-05T09:21:48.874+0000] {taskinstance.py:1389} INFO - Executing <Task(SimpleHttpOperator): extracting_user> on 2024-02-05 09:21:42.132520+00:00
[2024-02-05T09:21:48.879+0000] {standard_task_runner.py:52} INFO - Started process 326487 to run task
[2024-02-05T09:21:48.882+0000] {standard_task_runner.py:79} INFO - Running: ['***', 'tasks', 'run', 'sqlite_randomuser', 'extracting_user', 'manual__2024-02-05T09:21:42.132520+00:00', '--job-id', '44', '--raw', '--subdir', 'DAGS_FOLDER/sqlite_randomuser.py', '--cfg-path', '/tmp/tmp_kl0zbay', '--error-file', '/tmp/tmpk6ke5wib']
[2024-02-05T09:21:48.884+0000] {standard_task_runner.py:80} INFO - Job 44: Subtask extracting_user
[2024-02-05T09:21:48.974+0000] {task_command.py:371} INFO - Running <TaskInstance: sqlite_randomuser.extracting_user manual__2024-02-05T09:21:42.132520+00:00 [running]> on host fe2863c78e2f
[2024-02-05T09:21:49.081+0000] {taskinstance.py:1583} INFO - Exporting the following env vars:
AIRFLOW_CTX_DAG_OWNER=***
AIRFLOW_CTX_DAG_ID=sqlite_randomuser
AIRFLOW_CTX_TASK_ID=extracting_user
AIRFLOW_CTX_EXECUTION_DATE=2024-02-05T09:21:42.132520+00:00
AIRFLOW_CTX_TRY_NUMBER=1
AIRFLOW_CTX_DAG_RUN_ID=manual__2024-02-05T09:21:42.132520+00:00
[2024-02-05T09:21:49.083+0000] {http.py:121} INFO - Calling HTTP method
[2024-02-05T09:21:49.101+0000] {base.py:68} INFO - Using connection ID 'randomuser_api' for task execution.
[2024-02-05T09:21:49.105+0000] {http.py:148} INFO - Sending 'GET' to url: http://randomuser.me/api/
[2024-02-05T09:21:50.178+0000] {http.py:125} INFO - {"results":[{"gender":"male","name":{"title":"Mr","first":"Mario","last":"Georg"},"location":{"street":{"number":3765,"name":"Schillerstraße"},"city":"Monschau","state":"Baden-Württemberg","country":"Germany","postcode":85163,"coordinates":{"latitude":"-54.8204","longitude":"-128.5033"},"timezone":{"offset":"+7:00","description":"Bangkok, Hanoi, Jakarta"}},"email":"mario.georg@example.com","login":{"uuid":"a3c6d90d-c6fd-4ed5-a931-5c914ec38d0f","username":"brownbird390","password":"markus","salt":"WA0Y5ZwN","md5":"6ece5d9ba1803afe868d16f4775f93fd","sha1":"15e493f9aea47046a7a58a8640701690560bc78f","sha256":"2999a733cef8b3a78841c8bd7ea69edcd8327e9b71796773fb4b2504fcb0fd10"},"dob":{"date":"1987-09-01T22:17:48.593Z","age":36},"registered":{"date":"2014-04-06T02:58:43.453Z","age":9},"phone":"0297-2580920","cell":"0176-7278953","id":{"name":"SVNR","value":"03 010987 G 377"},"picture":{"large":"https://randomuser.me/api/portraits/men/12.jpg","medium":"https://randomuser.me/api/portraits/med/men/12.jpg","thumbnail":"https://randomuser.me/api/portraits/thumb/men/12.jpg"},"nat":"DE"}],"info":{"seed":"cbbfccf01983706c","results":1,"page":1,"version":"1.4"}}
[2024-02-05T09:21:50.223+0000] {taskinstance.py:1412} INFO - Marking task as SUCCESS. dag_id=sqlite_randomuser, task_id=extracting_user, execution_date=20240205T092142, start_date=20240205T092148, end_date=20240205T092150
[2024-02-05T09:21:50.277+0000] {local_task_job.py:156} INFO - Task exited with return code 0
[2024-02-05T09:21:50.321+0000] {local_task_job.py:279} INFO - 1 downstream tasks scheduled from follow-on schedule check
