[2024-02-05T20:31:23.591+0000] {taskinstance.py:1171} INFO - Dependencies all met for <TaskInstance: sqlite_randomuser.extracting_user manual__2024-02-05T20:31:19.078968+00:00 [queued]>
[2024-02-05T20:31:23.605+0000] {taskinstance.py:1171} INFO - Dependencies all met for <TaskInstance: sqlite_randomuser.extracting_user manual__2024-02-05T20:31:19.078968+00:00 [queued]>
[2024-02-05T20:31:23.606+0000] {taskinstance.py:1368} INFO - 
--------------------------------------------------------------------------------
[2024-02-05T20:31:23.606+0000] {taskinstance.py:1369} INFO - Starting attempt 1 of 1
[2024-02-05T20:31:23.607+0000] {taskinstance.py:1370} INFO - 
--------------------------------------------------------------------------------
[2024-02-05T20:31:23.621+0000] {taskinstance.py:1389} INFO - Executing <Task(SimpleHttpOperator): extracting_user> on 2024-02-05 20:31:19.078968+00:00
[2024-02-05T20:31:23.628+0000] {standard_task_runner.py:52} INFO - Started process 339600 to run task
[2024-02-05T20:31:23.630+0000] {standard_task_runner.py:79} INFO - Running: ['***', 'tasks', 'run', 'sqlite_randomuser', 'extracting_user', 'manual__2024-02-05T20:31:19.078968+00:00', '--job-id', '53', '--raw', '--subdir', 'DAGS_FOLDER/sqlite_randomuser.py', '--cfg-path', '/tmp/tmpy141y2p4', '--error-file', '/tmp/tmptw7jttw4']
[2024-02-05T20:31:23.631+0000] {standard_task_runner.py:80} INFO - Job 53: Subtask extracting_user
[2024-02-05T20:31:23.695+0000] {task_command.py:371} INFO - Running <TaskInstance: sqlite_randomuser.extracting_user manual__2024-02-05T20:31:19.078968+00:00 [running]> on host fe2863c78e2f
[2024-02-05T20:31:23.776+0000] {taskinstance.py:1583} INFO - Exporting the following env vars:
AIRFLOW_CTX_DAG_OWNER=***
AIRFLOW_CTX_DAG_ID=sqlite_randomuser
AIRFLOW_CTX_TASK_ID=extracting_user
AIRFLOW_CTX_EXECUTION_DATE=2024-02-05T20:31:19.078968+00:00
AIRFLOW_CTX_TRY_NUMBER=1
AIRFLOW_CTX_DAG_RUN_ID=manual__2024-02-05T20:31:19.078968+00:00
[2024-02-05T20:31:23.777+0000] {http.py:121} INFO - Calling HTTP method
[2024-02-05T20:31:23.787+0000] {base.py:68} INFO - Using connection ID 'randomuser_api' for task execution.
[2024-02-05T20:31:23.791+0000] {http.py:148} INFO - Sending 'GET' to url: http://randomuser.me/api/
[2024-02-05T20:31:24.327+0000] {http.py:125} INFO - {"results":[{"gender":"male","name":{"title":"Mr","first":"Jayden","last":"White"},"location":{"street":{"number":8107,"name":"Stuart Street"},"city":"Christchurch","state":"West Coast","country":"New Zealand","postcode":71861,"coordinates":{"latitude":"47.4223","longitude":"-19.2065"},"timezone":{"offset":"+10:00","description":"Eastern Australia, Guam, Vladivostok"}},"email":"jayden.white@example.com","login":{"uuid":"8efcd1fa-1494-438f-9c5a-c4c66ea1839d","username":"greenostrich777","password":"rocket","salt":"epKpnF8w","md5":"35e08d5a8df2a0f92dfc6b39db1ca471","sha1":"18d10ecde0dddd1baa65d70d0a90f5b41727ce33","sha256":"9a7c3dbcd1b1e959ebb97f167ea328d0dfe13ff759bfccac5333171f621faff1"},"dob":{"date":"1961-07-15T06:27:43.222Z","age":62},"registered":{"date":"2018-06-25T08:20:34.593Z","age":5},"phone":"(386)-052-5889","cell":"(031)-539-3389","id":{"name":"","value":null},"picture":{"large":"https://randomuser.me/api/portraits/men/40.jpg","medium":"https://randomuser.me/api/portraits/med/men/40.jpg","thumbnail":"https://randomuser.me/api/portraits/thumb/men/40.jpg"},"nat":"NZ"}],"info":{"seed":"79f78612361dccbb","results":1,"page":1,"version":"1.4"}}
[2024-02-05T20:31:24.518+0000] {taskinstance.py:1412} INFO - Marking task as SUCCESS. dag_id=sqlite_randomuser, task_id=extracting_user, execution_date=20240205T203119, start_date=20240205T203123, end_date=20240205T203124
[2024-02-05T20:31:24.566+0000] {local_task_job.py:156} INFO - Task exited with return code 0
[2024-02-05T20:31:24.610+0000] {local_task_job.py:279} INFO - 1 downstream tasks scheduled from follow-on schedule check
