[2024-02-05T09:00:35.448+0000] {taskinstance.py:1171} INFO - Dependencies all met for <TaskInstance: sqlite_randomuser.extracting_user manual__2024-02-05T09:00:31.263732+00:00 [queued]>
[2024-02-05T09:00:35.463+0000] {taskinstance.py:1171} INFO - Dependencies all met for <TaskInstance: sqlite_randomuser.extracting_user manual__2024-02-05T09:00:31.263732+00:00 [queued]>
[2024-02-05T09:00:35.463+0000] {taskinstance.py:1368} INFO - 
--------------------------------------------------------------------------------
[2024-02-05T09:00:35.464+0000] {taskinstance.py:1369} INFO - Starting attempt 1 of 1
[2024-02-05T09:00:35.464+0000] {taskinstance.py:1370} INFO - 
--------------------------------------------------------------------------------
[2024-02-05T09:00:35.483+0000] {taskinstance.py:1389} INFO - Executing <Task(SimpleHttpOperator): extracting_user> on 2024-02-05 09:00:31.263732+00:00
[2024-02-05T09:00:35.489+0000] {standard_task_runner.py:52} INFO - Started process 284531 to run task
[2024-02-05T09:00:35.492+0000] {standard_task_runner.py:79} INFO - Running: ['***', 'tasks', 'run', 'sqlite_randomuser', 'extracting_user', 'manual__2024-02-05T09:00:31.263732+00:00', '--job-id', '34', '--raw', '--subdir', 'DAGS_FOLDER/sqlite_randomuser.py', '--cfg-path', '/tmp/tmphvv1sqf3', '--error-file', '/tmp/tmp9vjmg5jb']
[2024-02-05T09:00:35.493+0000] {standard_task_runner.py:80} INFO - Job 34: Subtask extracting_user
[2024-02-05T09:00:35.556+0000] {task_command.py:371} INFO - Running <TaskInstance: sqlite_randomuser.extracting_user manual__2024-02-05T09:00:31.263732+00:00 [running]> on host fe2863c78e2f
[2024-02-05T09:00:35.631+0000] {taskinstance.py:1583} INFO - Exporting the following env vars:
AIRFLOW_CTX_DAG_OWNER=***
AIRFLOW_CTX_DAG_ID=sqlite_randomuser
AIRFLOW_CTX_TASK_ID=extracting_user
AIRFLOW_CTX_EXECUTION_DATE=2024-02-05T09:00:31.263732+00:00
AIRFLOW_CTX_TRY_NUMBER=1
AIRFLOW_CTX_DAG_RUN_ID=manual__2024-02-05T09:00:31.263732+00:00
[2024-02-05T09:00:35.633+0000] {http.py:121} INFO - Calling HTTP method
[2024-02-05T09:00:35.644+0000] {base.py:68} INFO - Using connection ID 'randomuser_api' for task execution.
[2024-02-05T09:00:35.646+0000] {http.py:148} INFO - Sending 'GET' to url: http://randomuser.me/api/
[2024-02-05T09:00:36.245+0000] {http.py:125} INFO - {"results":[{"gender":"female","name":{"title":"Mrs","first":"Ellie","last":"Omahony"},"location":{"street":{"number":8322,"name":"The Avenue"},"city":"Dublin","state":"Offaly","country":"Ireland","postcode":83448,"coordinates":{"latitude":"0.3706","longitude":"16.1967"},"timezone":{"offset":"-12:00","description":"Eniwetok, Kwajalein"}},"email":"ellie.omahony@example.com","login":{"uuid":"5a90dd5b-d1ab-4196-a6c9-7c1bee227618","username":"purpleladybug824","password":"seven","salt":"gNTfJyiA","md5":"a5572e0d567793a20c6d83175a346465","sha1":"5d2f5d38a3f4fef789d23361901f10e20f1856f3","sha256":"9359441fd52b33c0e2587ffa277374e0c19c7fd7109cc6778e7b12666bf9c31f"},"dob":{"date":"1948-11-05T09:21:06.662Z","age":75},"registered":{"date":"2016-04-09T18:20:40.896Z","age":7},"phone":"071-114-4058","cell":"081-090-8565","id":{"name":"PPS","value":"7596453T"},"picture":{"large":"https://randomuser.me/api/portraits/women/86.jpg","medium":"https://randomuser.me/api/portraits/med/women/86.jpg","thumbnail":"https://randomuser.me/api/portraits/thumb/women/86.jpg"},"nat":"IE"}],"info":{"seed":"4f6a83476ea05eab","results":1,"page":1,"version":"1.4"}}
[2024-02-05T09:00:36.275+0000] {taskinstance.py:1412} INFO - Marking task as SUCCESS. dag_id=sqlite_randomuser, task_id=extracting_user, execution_date=20240205T090031, start_date=20240205T090035, end_date=20240205T090036
[2024-02-05T09:00:36.321+0000] {local_task_job.py:156} INFO - Task exited with return code 0
[2024-02-05T09:00:36.359+0000] {local_task_job.py:279} INFO - 1 downstream tasks scheduled from follow-on schedule check
