[2024-02-05T07:39:03.526+0000] {taskinstance.py:1171} INFO - Dependencies all met for <TaskInstance: user_processing.creating_table manual__2024-02-05T07:39:02.374645+00:00 [queued]>
[2024-02-05T07:39:03.540+0000] {taskinstance.py:1171} INFO - Dependencies all met for <TaskInstance: user_processing.creating_table manual__2024-02-05T07:39:02.374645+00:00 [queued]>
[2024-02-05T07:39:03.541+0000] {taskinstance.py:1368} INFO - 
--------------------------------------------------------------------------------
[2024-02-05T07:39:03.542+0000] {taskinstance.py:1369} INFO - Starting attempt 1 of 1
[2024-02-05T07:39:03.542+0000] {taskinstance.py:1370} INFO - 
--------------------------------------------------------------------------------
[2024-02-05T07:39:03.559+0000] {taskinstance.py:1389} INFO - Executing <Task(PostgresOperator): creating_table> on 2024-02-05 07:39:02.374645+00:00
[2024-02-05T07:39:03.564+0000] {standard_task_runner.py:52} INFO - Started process 78485 to run task
[2024-02-05T07:39:03.567+0000] {standard_task_runner.py:79} INFO - Running: ['***', 'tasks', 'run', 'user_processing', 'creating_table', 'manual__2024-02-05T07:39:02.374645+00:00', '--job-id', '22', '--raw', '--subdir', 'DAGS_FOLDER/create_table.py', '--cfg-path', '/tmp/tmpxel2bvbt', '--error-file', '/tmp/tmps_fo3xf4']
[2024-02-05T07:39:03.569+0000] {standard_task_runner.py:80} INFO - Job 22: Subtask creating_table
[2024-02-05T07:39:03.634+0000] {task_command.py:371} INFO - Running <TaskInstance: user_processing.creating_table manual__2024-02-05T07:39:02.374645+00:00 [running]> on host fe2863c78e2f
[2024-02-05T07:39:03.717+0000] {taskinstance.py:1583} INFO - Exporting the following env vars:
AIRFLOW_CTX_DAG_OWNER=***
AIRFLOW_CTX_DAG_ID=user_processing
AIRFLOW_CTX_TASK_ID=creating_table
AIRFLOW_CTX_EXECUTION_DATE=2024-02-05T07:39:02.374645+00:00
AIRFLOW_CTX_TRY_NUMBER=1
AIRFLOW_CTX_DAG_RUN_ID=manual__2024-02-05T07:39:02.374645+00:00
[2024-02-05T07:39:03.731+0000] {base.py:68} INFO - Using connection ID '***_postgres' for task execution.
[2024-02-05T07:39:03.736+0000] {sql.py:315} INFO - Running statement: CREATE TABLE IF NOT EXISTS users(
                firstname TEXT NOT NULL,
                lastname TEXT NOT NULL,
                country TEXT NOT NULL,
                username TEXT NOT NULL,
                password TEXT NOT NULL,
                email TEXT NOT NULL PRIMARY KEY), parameters: None
[2024-02-05T07:39:03.737+0000] {postgres.py:94} INFO - NOTICE:  relation "users" already exists, skipping

[2024-02-05T07:39:03.752+0000] {taskinstance.py:1412} INFO - Marking task as SUCCESS. dag_id=user_processing, task_id=creating_table, execution_date=20240205T073902, start_date=20240205T073903, end_date=20240205T073903
[2024-02-05T07:39:03.785+0000] {local_task_job.py:156} INFO - Task exited with return code 0
[2024-02-05T07:39:03.829+0000] {local_task_job.py:279} INFO - 1 downstream tasks scheduled from follow-on schedule check
