[2024-02-05T09:24:48.677+0000] {taskinstance.py:1171} INFO - Dependencies all met for <TaskInstance: sqlite_randomuser.processing_user manual__2024-02-05T09:24:40.002274+00:00 [queued]>
[2024-02-05T09:24:48.696+0000] {taskinstance.py:1171} INFO - Dependencies all met for <TaskInstance: sqlite_randomuser.processing_user manual__2024-02-05T09:24:40.002274+00:00 [queued]>
[2024-02-05T09:24:48.697+0000] {taskinstance.py:1368} INFO - 
--------------------------------------------------------------------------------
[2024-02-05T09:24:48.697+0000] {taskinstance.py:1369} INFO - Starting attempt 1 of 1
[2024-02-05T09:24:48.698+0000] {taskinstance.py:1370} INFO - 
--------------------------------------------------------------------------------
[2024-02-05T09:24:48.726+0000] {taskinstance.py:1389} INFO - Executing <Task(PythonOperator): processing_user> on 2024-02-05 09:24:40.002274+00:00
[2024-02-05T09:24:48.734+0000] {standard_task_runner.py:52} INFO - Started process 330206 to run task
[2024-02-05T09:24:48.738+0000] {standard_task_runner.py:79} INFO - Running: ['***', 'tasks', 'run', 'sqlite_randomuser', 'processing_user', 'manual__2024-02-05T09:24:40.002274+00:00', '--job-id', '50', '--raw', '--subdir', 'DAGS_FOLDER/sqlite_randomuser.py', '--cfg-path', '/tmp/tmp8jfujsc1', '--error-file', '/tmp/tmpubo32jdg']
[2024-02-05T09:24:48.740+0000] {standard_task_runner.py:80} INFO - Job 50: Subtask processing_user
[2024-02-05T09:24:48.846+0000] {task_command.py:371} INFO - Running <TaskInstance: sqlite_randomuser.processing_user manual__2024-02-05T09:24:40.002274+00:00 [running]> on host fe2863c78e2f
[2024-02-05T09:24:49.015+0000] {taskinstance.py:1583} INFO - Exporting the following env vars:
AIRFLOW_CTX_DAG_OWNER=***
AIRFLOW_CTX_DAG_ID=sqlite_randomuser
AIRFLOW_CTX_TASK_ID=processing_user
AIRFLOW_CTX_EXECUTION_DATE=2024-02-05T09:24:40.002274+00:00
AIRFLOW_CTX_TRY_NUMBER=1
AIRFLOW_CTX_DAG_RUN_ID=manual__2024-02-05T09:24:40.002274+00:00
[2024-02-05T09:24:49.017+0000] {logging_mixin.py:115} INFO - Processed user data: {'name': {'title': 'Mr', 'first': 'Lucas', 'last': 'Edwards'}, 'email': 'lucas.edwards@example.com', 'phone': {'street': {'number': 7788, 'name': 'Kamo Road'}, 'city': 'Whanganui', 'state': 'Waikato', 'country': 'New Zealand', 'postcode': 28355, 'coordinates': {'latitude': '49.3915', 'longitude': '-9.9185'}, 'timezone': {'offset': '-11:00', 'description': 'Midway Island, Samoa'}}}
[2024-02-05T09:24:49.018+0000] {python.py:173} INFO - Done. Returned value was: None
[2024-02-05T09:24:49.044+0000] {taskinstance.py:1412} INFO - Marking task as SUCCESS. dag_id=sqlite_randomuser, task_id=processing_user, execution_date=20240205T092440, start_date=20240205T092448, end_date=20240205T092449
[2024-02-05T09:24:49.085+0000] {local_task_job.py:156} INFO - Task exited with return code 0
[2024-02-05T09:24:49.140+0000] {local_task_job.py:279} INFO - 0 downstream tasks scheduled from follow-on schedule check
