[2024-02-06T06:43:01.712+0000] {taskinstance.py:1171} INFO - Dependencies all met for <TaskInstance: nyctaxi_elt.create_monthly_trips manual__2024-02-06T06:42:51.471546+00:00 [queued]>
[2024-02-06T06:43:01.729+0000] {taskinstance.py:1171} INFO - Dependencies all met for <TaskInstance: nyctaxi_elt.create_monthly_trips manual__2024-02-06T06:42:51.471546+00:00 [queued]>
[2024-02-06T06:43:01.730+0000] {taskinstance.py:1368} INFO - 
--------------------------------------------------------------------------------
[2024-02-06T06:43:01.730+0000] {taskinstance.py:1369} INFO - Starting attempt 1 of 1
[2024-02-06T06:43:01.731+0000] {taskinstance.py:1370} INFO - 
--------------------------------------------------------------------------------
[2024-02-06T06:43:01.758+0000] {taskinstance.py:1389} INFO - Executing <Task(PostgresOperator): create_monthly_trips> on 2024-02-06 06:42:51.471546+00:00
[2024-02-06T06:43:01.774+0000] {standard_task_runner.py:52} INFO - Started process 66592 to run task
[2024-02-06T06:43:01.790+0000] {standard_task_runner.py:79} INFO - Running: ['***', 'tasks', 'run', 'nyctaxi_elt', 'create_monthly_trips', 'manual__2024-02-06T06:42:51.471546+00:00', '--job-id', '54', '--raw', '--subdir', 'DAGS_FOLDER/nyctaxi_elt.py', '--cfg-path', '/tmp/tmpa1vvo1bf', '--error-file', '/tmp/tmpqqzxtka3']
[2024-02-06T06:43:01.792+0000] {standard_task_runner.py:80} INFO - Job 54: Subtask create_monthly_trips
[2024-02-06T06:43:02.050+0000] {task_command.py:371} INFO - Running <TaskInstance: nyctaxi_elt.create_monthly_trips manual__2024-02-06T06:42:51.471546+00:00 [running]> on host 9d3dd91d9998
[2024-02-06T06:43:02.344+0000] {taskinstance.py:1583} INFO - Exporting the following env vars:
AIRFLOW_CTX_DAG_OWNER=Aldy
AIRFLOW_CTX_DAG_ID=nyctaxi_elt
AIRFLOW_CTX_TASK_ID=create_monthly_trips
AIRFLOW_CTX_EXECUTION_DATE=2024-02-06T06:42:51.471546+00:00
AIRFLOW_CTX_TRY_NUMBER=1
AIRFLOW_CTX_DAG_RUN_ID=manual__2024-02-06T06:42:51.471546+00:00
[2024-02-06T06:43:02.359+0000] {base.py:68} INFO - Using connection ID '***_postgres' for task execution.
[2024-02-06T06:43:02.366+0000] {sql.py:315} INFO - Running statement: CREATE TABLE IF NOT EXISTS monthly_trip_summary AS
            SELECT 
                extract(month from lpep_pickup_datetime) AS month,
                COUNT(*) AS total_trips,
                SUM(EXTRACT(EPOCH FROM (lpep_dropoff_datetime - lpep_pickup_datetime))) AS total_duration,
                AVG(EXTRACT(EPOCH FROM (lpep_dropoff_datetime - lpep_pickup_datetime))) AS avg_duration,
                SUM(passenger_count) AS total_passenger,
                AVG(passenger_count) AS avg_passenger,
                SUM(fare_amount) AS total_fares,
                AVG(fare_amount) AS avg_fares,
                COUNT(tip_amount) AS count_tips,
                SUM(tip_amount) AS total_tips,
                AVG(tip_amount) AS avg_tips,
                SUM(improvement_surcharge+congestion_surcharge) AS total_surcharge,
                MAX(payment_type) AS most_payment_type
            FROM 
                nyc_taxi
            GROUP BY 
                extract(month from lpep_pickup_datetime), parameters: None
[2024-02-06T06:43:02.369+0000] {postgres.py:94} INFO - NOTICE:  relation "monthly_trip_summary" already exists, skipping

[2024-02-06T06:43:02.389+0000] {taskinstance.py:1412} INFO - Marking task as SUCCESS. dag_id=nyctaxi_elt, task_id=create_monthly_trips, execution_date=20240206T064251, start_date=20240206T064301, end_date=20240206T064302
[2024-02-06T06:43:02.452+0000] {local_task_job.py:156} INFO - Task exited with return code 0
[2024-02-06T06:43:02.495+0000] {local_task_job.py:279} INFO - 0 downstream tasks scheduled from follow-on schedule check
