[2024-02-05T20:37:30.768+0000] {taskinstance.py:1171} INFO - Dependencies all met for <TaskInstance: sqlite_randomuser.storing_user manual__2024-02-05T20:37:23.440868+00:00 [queued]>
[2024-02-05T20:37:30.781+0000] {taskinstance.py:1171} INFO - Dependencies all met for <TaskInstance: sqlite_randomuser.storing_user manual__2024-02-05T20:37:23.440868+00:00 [queued]>
[2024-02-05T20:37:30.781+0000] {taskinstance.py:1368} INFO - 
--------------------------------------------------------------------------------
[2024-02-05T20:37:30.782+0000] {taskinstance.py:1369} INFO - Starting attempt 1 of 1
[2024-02-05T20:37:30.782+0000] {taskinstance.py:1370} INFO - 
--------------------------------------------------------------------------------
[2024-02-05T20:37:30.799+0000] {taskinstance.py:1389} INFO - Executing <Task(PythonOperator): storing_user> on 2024-02-05 20:37:23.440868+00:00
[2024-02-05T20:37:30.805+0000] {standard_task_runner.py:52} INFO - Started process 339775 to run task
[2024-02-05T20:37:30.807+0000] {standard_task_runner.py:79} INFO - Running: ['***', 'tasks', 'run', 'sqlite_randomuser', 'storing_user', 'manual__2024-02-05T20:37:23.440868+00:00', '--job-id', '68', '--raw', '--subdir', 'DAGS_FOLDER/sqlite_randomuser.py', '--cfg-path', '/tmp/tmpbiwag_gu', '--error-file', '/tmp/tmpyvacm52a']
[2024-02-05T20:37:30.808+0000] {standard_task_runner.py:80} INFO - Job 68: Subtask storing_user
[2024-02-05T20:37:30.874+0000] {task_command.py:371} INFO - Running <TaskInstance: sqlite_randomuser.storing_user manual__2024-02-05T20:37:23.440868+00:00 [running]> on host fe2863c78e2f
[2024-02-05T20:37:30.955+0000] {taskinstance.py:1583} INFO - Exporting the following env vars:
AIRFLOW_CTX_DAG_OWNER=***
AIRFLOW_CTX_DAG_ID=sqlite_randomuser
AIRFLOW_CTX_TASK_ID=storing_user
AIRFLOW_CTX_EXECUTION_DATE=2024-02-05T20:37:23.440868+00:00
AIRFLOW_CTX_TRY_NUMBER=1
AIRFLOW_CTX_DAG_RUN_ID=manual__2024-02-05T20:37:23.440868+00:00
[2024-02-05T20:37:30.971+0000] {python.py:173} INFO - Done. Returned value was: None
[2024-02-05T20:37:30.987+0000] {taskinstance.py:1412} INFO - Marking task as SUCCESS. dag_id=sqlite_randomuser, task_id=storing_user, execution_date=20240205T203723, start_date=20240205T203730, end_date=20240205T203730
[2024-02-05T20:37:31.020+0000] {local_task_job.py:156} INFO - Task exited with return code 0
[2024-02-05T20:37:31.055+0000] {local_task_job.py:279} INFO - 0 downstream tasks scheduled from follow-on schedule check
