[2024-02-06T02:28:21.827+0000] {taskinstance.py:1171} INFO - Dependencies all met for <TaskInstance: sqlite_randomuser.storing_user scheduled__2024-02-05T00:00:00+00:00 [queued]>
[2024-02-06T02:28:21.837+0000] {taskinstance.py:1171} INFO - Dependencies all met for <TaskInstance: sqlite_randomuser.storing_user scheduled__2024-02-05T00:00:00+00:00 [queued]>
[2024-02-06T02:28:21.837+0000] {taskinstance.py:1368} INFO - 
--------------------------------------------------------------------------------
[2024-02-06T02:28:21.837+0000] {taskinstance.py:1369} INFO - Starting attempt 1 of 1
[2024-02-06T02:28:21.838+0000] {taskinstance.py:1370} INFO - 
--------------------------------------------------------------------------------
[2024-02-06T02:28:22.070+0000] {taskinstance.py:1389} INFO - Executing <Task(PythonOperator): storing_user> on 2024-02-05 00:00:00+00:00
[2024-02-06T02:28:22.075+0000] {standard_task_runner.py:52} INFO - Started process 219 to run task
[2024-02-06T02:28:22.077+0000] {standard_task_runner.py:79} INFO - Running: ['***', 'tasks', 'run', 'sqlite_randomuser', 'storing_user', 'scheduled__2024-02-05T00:00:00+00:00', '--job-id', '81', '--raw', '--subdir', 'DAGS_FOLDER/sqlite_randomuser.py', '--cfg-path', '/tmp/tmpzeekbh7k', '--error-file', '/tmp/tmpphmfnplm']
[2024-02-06T02:28:22.078+0000] {standard_task_runner.py:80} INFO - Job 81: Subtask storing_user
[2024-02-06T02:28:22.161+0000] {task_command.py:371} INFO - Running <TaskInstance: sqlite_randomuser.storing_user scheduled__2024-02-05T00:00:00+00:00 [running]> on host 0f884a2e3c33
[2024-02-06T02:28:22.638+0000] {taskinstance.py:1583} INFO - Exporting the following env vars:
AIRFLOW_CTX_DAG_OWNER=***
AIRFLOW_CTX_DAG_ID=sqlite_randomuser
AIRFLOW_CTX_TASK_ID=storing_user
AIRFLOW_CTX_EXECUTION_DATE=2024-02-05T00:00:00+00:00
AIRFLOW_CTX_TRY_NUMBER=1
AIRFLOW_CTX_DAG_RUN_ID=scheduled__2024-02-05T00:00:00+00:00
[2024-02-06T02:28:22.677+0000] {python.py:173} INFO - Done. Returned value was: None
[2024-02-06T02:28:22.701+0000] {taskinstance.py:1412} INFO - Marking task as SUCCESS. dag_id=sqlite_randomuser, task_id=storing_user, execution_date=20240205T000000, start_date=20240206T022821, end_date=20240206T022822
[2024-02-06T02:28:22.772+0000] {local_task_job.py:156} INFO - Task exited with return code 0
[2024-02-06T02:28:22.829+0000] {local_task_job.py:279} INFO - 0 downstream tasks scheduled from follow-on schedule check
