[2024-02-05T20:37:27.481+0000] {taskinstance.py:1171} INFO - Dependencies all met for <TaskInstance: sqlite_randomuser.extracting_user manual__2024-02-05T20:37:23.440868+00:00 [queued]>
[2024-02-05T20:37:27.494+0000] {taskinstance.py:1171} INFO - Dependencies all met for <TaskInstance: sqlite_randomuser.extracting_user manual__2024-02-05T20:37:23.440868+00:00 [queued]>
[2024-02-05T20:37:27.494+0000] {taskinstance.py:1368} INFO - 
--------------------------------------------------------------------------------
[2024-02-05T20:37:27.495+0000] {taskinstance.py:1369} INFO - Starting attempt 1 of 1
[2024-02-05T20:37:27.496+0000] {taskinstance.py:1370} INFO - 
--------------------------------------------------------------------------------
[2024-02-05T20:37:27.511+0000] {taskinstance.py:1389} INFO - Executing <Task(SimpleHttpOperator): extracting_user> on 2024-02-05 20:37:23.440868+00:00
[2024-02-05T20:37:27.517+0000] {standard_task_runner.py:52} INFO - Started process 339771 to run task
[2024-02-05T20:37:27.519+0000] {standard_task_runner.py:79} INFO - Running: ['***', 'tasks', 'run', 'sqlite_randomuser', 'extracting_user', 'manual__2024-02-05T20:37:23.440868+00:00', '--job-id', '66', '--raw', '--subdir', 'DAGS_FOLDER/sqlite_randomuser.py', '--cfg-path', '/tmp/tmp4w743f5s', '--error-file', '/tmp/tmp9zcxcdfa']
[2024-02-05T20:37:27.520+0000] {standard_task_runner.py:80} INFO - Job 66: Subtask extracting_user
[2024-02-05T20:37:27.584+0000] {task_command.py:371} INFO - Running <TaskInstance: sqlite_randomuser.extracting_user manual__2024-02-05T20:37:23.440868+00:00 [running]> on host fe2863c78e2f
[2024-02-05T20:37:27.660+0000] {taskinstance.py:1583} INFO - Exporting the following env vars:
AIRFLOW_CTX_DAG_OWNER=***
AIRFLOW_CTX_DAG_ID=sqlite_randomuser
AIRFLOW_CTX_TASK_ID=extracting_user
AIRFLOW_CTX_EXECUTION_DATE=2024-02-05T20:37:23.440868+00:00
AIRFLOW_CTX_TRY_NUMBER=1
AIRFLOW_CTX_DAG_RUN_ID=manual__2024-02-05T20:37:23.440868+00:00
[2024-02-05T20:37:27.661+0000] {http.py:121} INFO - Calling HTTP method
[2024-02-05T20:37:27.673+0000] {base.py:68} INFO - Using connection ID 'randomuser_api' for task execution.
[2024-02-05T20:37:27.675+0000] {http.py:148} INFO - Sending 'GET' to url: http://randomuser.me/api/
[2024-02-05T20:37:28.433+0000] {taskinstance.py:1412} INFO - Marking task as SUCCESS. dag_id=sqlite_randomuser, task_id=extracting_user, execution_date=20240205T203723, start_date=20240205T203727, end_date=20240205T203728
[2024-02-05T20:37:28.455+0000] {local_task_job.py:156} INFO - Task exited with return code 0
[2024-02-05T20:37:28.502+0000] {local_task_job.py:279} INFO - 1 downstream tasks scheduled from follow-on schedule check
