[2024-02-05T08:24:04.773+0000] {taskinstance.py:1171} INFO - Dependencies all met for <TaskInstance: sqlite_randomuser.processing_user manual__2024-02-05T08:23:57.358253+00:00 [queued]>
[2024-02-05T08:24:04.787+0000] {taskinstance.py:1171} INFO - Dependencies all met for <TaskInstance: sqlite_randomuser.processing_user manual__2024-02-05T08:23:57.358253+00:00 [queued]>
[2024-02-05T08:24:04.788+0000] {taskinstance.py:1368} INFO - 
--------------------------------------------------------------------------------
[2024-02-05T08:24:04.788+0000] {taskinstance.py:1369} INFO - Starting attempt 1 of 1
[2024-02-05T08:24:04.789+0000] {taskinstance.py:1370} INFO - 
--------------------------------------------------------------------------------
[2024-02-05T08:24:04.807+0000] {taskinstance.py:1389} INFO - Executing <Task(PythonOperator): processing_user> on 2024-02-05 08:23:57.358253+00:00
[2024-02-05T08:24:04.816+0000] {standard_task_runner.py:52} INFO - Started process 153958 to run task
[2024-02-05T08:24:04.818+0000] {standard_task_runner.py:79} INFO - Running: ['***', 'tasks', 'run', 'sqlite_randomuser', 'processing_user', 'manual__2024-02-05T08:23:57.358253+00:00', '--job-id', '27', '--raw', '--subdir', 'DAGS_FOLDER/sqlite_randomuser.py', '--cfg-path', '/tmp/tmp94991wti', '--error-file', '/tmp/tmptr0xdzwp']
[2024-02-05T08:24:04.820+0000] {standard_task_runner.py:80} INFO - Job 27: Subtask processing_user
[2024-02-05T08:24:04.899+0000] {task_command.py:371} INFO - Running <TaskInstance: sqlite_randomuser.processing_user manual__2024-02-05T08:23:57.358253+00:00 [running]> on host fe2863c78e2f
[2024-02-05T08:24:05.001+0000] {taskinstance.py:1583} INFO - Exporting the following env vars:
AIRFLOW_CTX_DAG_OWNER=***
AIRFLOW_CTX_DAG_ID=sqlite_randomuser
AIRFLOW_CTX_TASK_ID=processing_user
AIRFLOW_CTX_EXECUTION_DATE=2024-02-05T08:23:57.358253+00:00
AIRFLOW_CTX_TRY_NUMBER=1
AIRFLOW_CTX_DAG_RUN_ID=manual__2024-02-05T08:23:57.358253+00:00
[2024-02-05T08:24:05.002+0000] {logging_mixin.py:115} INFO - Received user data: {'gender': 'female', 'name': {'title': 'Miss', 'first': 'Krin', 'last': 'Day'}, 'location': {'street': {'number': 7942, 'name': 'Brown Terrace'}, 'city': 'Mackay', 'state': 'Northern Territory', 'country': 'Australia', 'postcode': 603, 'coordinates': {'latitude': '-83.5350', 'longitude': '158.0164'}, 'timezone': {'offset': '-3:30', 'description': 'Newfoundland'}}, 'email': 'krin.day@example.com', 'login': {'uuid': '8335c084-5461-4ee3-8b1a-6a9ca8807cc3', 'username': 'redgorilla695', 'password': 'airborne', 'salt': 'pAe54maU', 'md5': '9cb771b8485c3f914865788502e16fb0', 'sha1': '006e580749d0181ba839bba54aeff250c9b76dc9', 'sha256': '6364bde4e3e1e9fe1a9630313515fdde23e7377d36c0878218a3e641db79fe73'}, 'dob': {'date': '1979-01-08T09:30:32.907Z', 'age': 45}, 'registered': {'date': '2018-06-28T15:09:04.776Z', 'age': 5}, 'phone': '05-5047-7141', 'cell': '0474-699-097', 'id': {'name': 'TFN', 'value': '716201094'}, 'picture': {'large': 'https://randomuser.me/api/portraits/women/63.jpg', 'medium': 'https://randomuser.me/api/portraits/med/women/63.jpg', 'thumbnail': 'https://randomuser.me/api/portraits/thumb/women/63.jpg'}, 'nat': 'AU'}
[2024-02-05T08:24:05.003+0000] {python.py:173} INFO - Done. Returned value was: None
[2024-02-05T08:24:05.021+0000] {taskinstance.py:1412} INFO - Marking task as SUCCESS. dag_id=sqlite_randomuser, task_id=processing_user, execution_date=20240205T082357, start_date=20240205T082404, end_date=20240205T082405
[2024-02-05T08:24:05.075+0000] {local_task_job.py:156} INFO - Task exited with return code 0
[2024-02-05T08:24:05.108+0000] {local_task_job.py:279} INFO - 0 downstream tasks scheduled from follow-on schedule check
